shell-init: error retrieving current directory: getcwd: cannot access parent directories: Operation not permitted
/bin/bash: /Users/jordan/Desktop/etf-tracking-system/start_server.sh: Operation not permitted
shell-init: error retrieving current directory: getcwd: cannot access parent directories: Operation not permitted
/bin/bash: /Users/jordan/Desktop/etf-tracking-system/start_server.sh: Operation not permitted
shell-init: error retrieving current directory: getcwd: cannot access parent directories: Operation not permitted
/bin/bash: /Users/jordan/Desktop/etf-tracking-system/start_server.sh: Operation not permitted
shell-init: error retrieving current directory: getcwd: cannot access parent directories: Operation not permitted
/bin/bash: /Users/jordan/Desktop/etf-tracking-system/start_server.sh: Operation not permitted
shell-init: error retrieving current directory: getcwd: cannot access parent directories: Operation not permitted
/bin/bash: /Users/jordan/Desktop/etf-tracking-system/start_server.sh: Operation not permitted
Fatal Python error: init_import_site: Failed to import the site module
Python runtime state: initialized
Traceback (most recent call last):
  File "/Library/Developer/CommandLineTools/Library/Frameworks/Python3.framework/Versions/3.9/lib/python3.9/site.py", line 621, in <module>
    main()
  File "/Library/Developer/CommandLineTools/Library/Frameworks/Python3.framework/Versions/3.9/lib/python3.9/site.py", line 604, in main
    known_paths = venv(known_paths)
  File "/Library/Developer/CommandLineTools/Library/Frameworks/Python3.framework/Versions/3.9/lib/python3.9/site.py", line 522, in venv
    with open(virtual_conf, encoding='utf-8') as f:
PermissionError: [Errno 1] Operation not permitted: '/Users/jordan/Desktop/etf-tracking-system/.venv/pyvenv.cfg'
Fatal Python error: init_import_site: Failed to import the site module
Python runtime state: initialized
Traceback (most recent call last):
  File "/Library/Developer/CommandLineTools/Library/Frameworks/Python3.framework/Versions/3.9/lib/python3.9/site.py", line 621, in <module>
    main()
  File "/Library/Developer/CommandLineTools/Library/Frameworks/Python3.framework/Versions/3.9/lib/python3.9/site.py", line 604, in main
    known_paths = venv(known_paths)
  File "/Library/Developer/CommandLineTools/Library/Frameworks/Python3.framework/Versions/3.9/lib/python3.9/site.py", line 522, in venv
    with open(virtual_conf, encoding='utf-8') as f:
PermissionError: [Errno 1] Operation not permitted: '/Users/jordan/Desktop/etf-tracking-system/.venv/pyvenv.cfg'
Fatal Python error: init_import_site: Failed to import the site module
Python runtime state: initialized
Traceback (most recent call last):
  File "/Library/Developer/CommandLineTools/Library/Frameworks/Python3.framework/Versions/3.9/lib/python3.9/site.py", line 621, in <module>
    main()
  File "/Library/Developer/CommandLineTools/Library/Frameworks/Python3.framework/Versions/3.9/lib/python3.9/site.py", line 604, in main
    known_paths = venv(known_paths)
  File "/Library/Developer/CommandLineTools/Library/Frameworks/Python3.framework/Versions/3.9/lib/python3.9/site.py", line 522, in venv
    with open(virtual_conf, encoding='utf-8') as f:
PermissionError: [Errno 1] Operation not permitted: '/Users/jordan/Desktop/etf-tracking-system/.venv/pyvenv.cfg'
INFO:     Started server process [8372]
INFO:     Waiting for application startup.
ERROR:    Traceback (most recent call last):
  File "/Users/jordan/Projects/etf-tracking-system/.venv/lib/python3.11/site-packages/starlette/routing.py", line 694, in lifespan
    async with self.lifespan_context(app) as maybe_state:
  File "/opt/homebrew/Cellar/python@3.11/3.11.15/Frameworks/Python.framework/Versions/3.11/lib/python3.11/contextlib.py", line 210, in __aenter__
    return await anext(self.gen)
           ^^^^^^^^^^^^^^^^^^^^^
  File "/Users/jordan/Projects/etf-tracking-system/app/main.py", line 138, in lifespan
    init_db()
  File "/Users/jordan/Projects/etf-tracking-system/app/db.py", line 77, in init_db
    _init_postgres()
  File "/Users/jordan/Projects/etf-tracking-system/app/db.py", line 203, in _init_postgres
    with get_connection() as connection:
         ^^^^^^^^^^^^^^^^
  File "/Users/jordan/Projects/etf-tracking-system/app/db.py", line 62, in get_connection
    connection = psycopg.connect(
                 ^^^^^^^^^^^^^^^^
  File "/Users/jordan/Projects/etf-tracking-system/.venv/lib/python3.11/site-packages/psycopg/connection.py", line 125, in connect
    raise type(last_ex)("\n".join(lines)).with_traceback(None)
psycopg.OperationalError: connection failed: connection to server at "57.182.231.186", port 6543 failed: FATAL:  (ENOTFOUND) tenant/user postgres.ldqvraqnhxcbyyxznmwg not found
connection to server at "57.182.231.186", port 6543 failed: FATAL:  (ENOTFOUND) tenant/user postgres.ldqvraqnhxcbyyxznmwg not found
Multiple connection attempts failed. All failures were:
- host: 'aws-1-ap-northeast-1.pooler.supabase.com', port: '6543', hostaddr: '13.114.6.6': connection failed: connection to server at "13.114.6.6", port 6543 failed: FATAL:  (ENOTFOUND) tenant/user postgres.ldqvraqnhxcbyyxznmwg not found
connection to server at "13.114.6.6", port 6543 failed: FATAL:  (ENOTFOUND) tenant/user postgres.ldqvraqnhxcbyyxznmwg not found
- host: 'aws-1-ap-northeast-1.pooler.supabase.com', port: '6543', hostaddr: '57.182.231.186': connection failed: connection to server at "57.182.231.186", port 6543 failed: FATAL:  (ENOTFOUND) tenant/user postgres.ldqvraqnhxcbyyxznmwg not found
connection to server at "57.182.231.186", port 6543 failed: FATAL:  (ENOTFOUND) tenant/user postgres.ldqvraqnhxcbyyxznmwg not found

ERROR:    Application startup failed. Exiting.
INFO:     Started server process [8393]
INFO:     Waiting for application startup.
ERROR:    Traceback (most recent call last):
  File "/Users/jordan/Projects/etf-tracking-system/.venv/lib/python3.11/site-packages/starlette/routing.py", line 694, in lifespan
    async with self.lifespan_context(app) as maybe_state:
  File "/opt/homebrew/Cellar/python@3.11/3.11.15/Frameworks/Python.framework/Versions/3.11/lib/python3.11/contextlib.py", line 210, in __aenter__
    return await anext(self.gen)
           ^^^^^^^^^^^^^^^^^^^^^
  File "/Users/jordan/Projects/etf-tracking-system/app/main.py", line 138, in lifespan
    init_db()
  File "/Users/jordan/Projects/etf-tracking-system/app/db.py", line 77, in init_db
    _init_postgres()
  File "/Users/jordan/Projects/etf-tracking-system/app/db.py", line 203, in _init_postgres
    with get_connection() as connection:
         ^^^^^^^^^^^^^^^^
  File "/Users/jordan/Projects/etf-tracking-system/app/db.py", line 62, in get_connection
    connection = psycopg.connect(
                 ^^^^^^^^^^^^^^^^
  File "/Users/jordan/Projects/etf-tracking-system/.venv/lib/python3.11/site-packages/psycopg/connection.py", line 125, in connect
    raise type(last_ex)("\n".join(lines)).with_traceback(None)
psycopg.OperationalError: connection failed: connection to server at "57.182.231.186", port 6543 failed: FATAL:  (ENOTFOUND) tenant/user postgres.ldqvraqnhxcbyyxznmwg not found
connection to server at "57.182.231.186", port 6543 failed: FATAL:  (ENOTFOUND) tenant/user postgres.ldqvraqnhxcbyyxznmwg not found
Multiple connection attempts failed. All failures were:
- host: 'aws-1-ap-northeast-1.pooler.supabase.com', port: '6543', hostaddr: '13.114.6.6': connection failed: connection to server at "13.114.6.6", port 6543 failed: FATAL:  (ENOTFOUND) tenant/user postgres.ldqvraqnhxcbyyxznmwg not found
connection to server at "13.114.6.6", port 6543 failed: FATAL:  (ENOTFOUND) tenant/user postgres.ldqvraqnhxcbyyxznmwg not found
- host: 'aws-1-ap-northeast-1.pooler.supabase.com', port: '6543', hostaddr: '57.182.231.186': connection failed: connection to server at "57.182.231.186", port 6543 failed: FATAL:  (ENOTFOUND) tenant/user postgres.ldqvraqnhxcbyyxznmwg not found
connection to server at "57.182.231.186", port 6543 failed: FATAL:  (ENOTFOUND) tenant/user postgres.ldqvraqnhxcbyyxznmwg not found

ERROR:    Application startup failed. Exiting.
INFO:     Started server process [8412]
INFO:     Waiting for application startup.
ERROR:    Traceback (most recent call last):
  File "/Users/jordan/Projects/etf-tracking-system/.venv/lib/python3.11/site-packages/starlette/routing.py", line 694, in lifespan
    async with self.lifespan_context(app) as maybe_state:
  File "/opt/homebrew/Cellar/python@3.11/3.11.15/Frameworks/Python.framework/Versions/3.11/lib/python3.11/contextlib.py", line 210, in __aenter__
    return await anext(self.gen)
           ^^^^^^^^^^^^^^^^^^^^^
  File "/Users/jordan/Projects/etf-tracking-system/app/main.py", line 138, in lifespan
    init_db()
  File "/Users/jordan/Projects/etf-tracking-system/app/db.py", line 77, in init_db
    _init_postgres()
  File "/Users/jordan/Projects/etf-tracking-system/app/db.py", line 203, in _init_postgres
    with get_connection() as connection:
         ^^^^^^^^^^^^^^^^
  File "/Users/jordan/Projects/etf-tracking-system/app/db.py", line 62, in get_connection
    connection = psycopg.connect(
                 ^^^^^^^^^^^^^^^^
  File "/Users/jordan/Projects/etf-tracking-system/.venv/lib/python3.11/site-packages/psycopg/connection.py", line 125, in connect
    raise type(last_ex)("\n".join(lines)).with_traceback(None)
psycopg.OperationalError: connection failed: connection to server at "57.182.231.186", port 6543 failed: FATAL:  (ENOTFOUND) tenant/user postgres.ldqvraqnhxcbyyxznmwg not found
connection to server at "57.182.231.186", port 6543 failed: FATAL:  (ENOTFOUND) tenant/user postgres.ldqvraqnhxcbyyxznmwg not found
Multiple connection attempts failed. All failures were:
- host: 'aws-1-ap-northeast-1.pooler.supabase.com', port: '6543', hostaddr: '13.114.6.6': connection failed: connection to server at "13.114.6.6", port 6543 failed: FATAL:  (ENOTFOUND) tenant/user postgres.ldqvraqnhxcbyyxznmwg not found
connection to server at "13.114.6.6", port 6543 failed: FATAL:  (ENOTFOUND) tenant/user postgres.ldqvraqnhxcbyyxznmwg not found
- host: 'aws-1-ap-northeast-1.pooler.supabase.com', port: '6543', hostaddr: '57.182.231.186': connection failed: connection to server at "57.182.231.186", port 6543 failed: FATAL:  (ENOTFOUND) tenant/user postgres.ldqvraqnhxcbyyxznmwg not found
connection to server at "57.182.231.186", port 6543 failed: FATAL:  (ENOTFOUND) tenant/user postgres.ldqvraqnhxcbyyxznmwg not found

ERROR:    Application startup failed. Exiting.
INFO:     Started server process [8445]
INFO:     Waiting for application startup.
ERROR:    Traceback (most recent call last):
  File "/Users/jordan/Projects/etf-tracking-system/.venv/lib/python3.11/site-packages/starlette/routing.py", line 694, in lifespan
    async with self.lifespan_context(app) as maybe_state:
  File "/opt/homebrew/Cellar/python@3.11/3.11.15/Frameworks/Python.framework/Versions/3.11/lib/python3.11/contextlib.py", line 210, in __aenter__
    return await anext(self.gen)
           ^^^^^^^^^^^^^^^^^^^^^
  File "/Users/jordan/Projects/etf-tracking-system/app/main.py", line 138, in lifespan
    init_db()
  File "/Users/jordan/Projects/etf-tracking-system/app/db.py", line 77, in init_db
    _init_postgres()
  File "/Users/jordan/Projects/etf-tracking-system/app/db.py", line 203, in _init_postgres
    with get_connection() as connection:
         ^^^^^^^^^^^^^^^^
  File "/Users/jordan/Projects/etf-tracking-system/app/db.py", line 62, in get_connection
    connection = psycopg.connect(
                 ^^^^^^^^^^^^^^^^
  File "/Users/jordan/Projects/etf-tracking-system/.venv/lib/python3.11/site-packages/psycopg/connection.py", line 125, in connect
    raise type(last_ex)("\n".join(lines)).with_traceback(None)
psycopg.OperationalError: connection failed: connection to server at "57.182.231.186", port 6543 failed: FATAL:  (ENOTFOUND) tenant/user postgres.ldqvraqnhxcbyyxznmwg not found
connection to server at "57.182.231.186", port 6543 failed: FATAL:  (ENOTFOUND) tenant/user postgres.ldqvraqnhxcbyyxznmwg not found
Multiple connection attempts failed. All failures were:
- host: 'aws-1-ap-northeast-1.pooler.supabase.com', port: '6543', hostaddr: '13.114.6.6': connection failed: connection to server at "13.114.6.6", port 6543 failed: FATAL:  (ENOTFOUND) tenant/user postgres.ldqvraqnhxcbyyxznmwg not found
connection to server at "13.114.6.6", port 6543 failed: FATAL:  (ENOTFOUND) tenant/user postgres.ldqvraqnhxcbyyxznmwg not found
- host: 'aws-1-ap-northeast-1.pooler.supabase.com', port: '6543', hostaddr: '57.182.231.186': connection failed: connection to server at "57.182.231.186", port 6543 failed: FATAL:  (ENOTFOUND) tenant/user postgres.ldqvraqnhxcbyyxznmwg not found
connection to server at "57.182.231.186", port 6543 failed: FATAL:  (ENOTFOUND) tenant/user postgres.ldqvraqnhxcbyyxznmwg not found

ERROR:    Application startup failed. Exiting.
INFO:     Started server process [8468]
INFO:     Waiting for application startup.
ERROR:    Traceback (most recent call last):
  File "/Users/jordan/Projects/etf-tracking-system/.venv/lib/python3.11/site-packages/starlette/routing.py", line 694, in lifespan
    async with self.lifespan_context(app) as maybe_state:
  File "/opt/homebrew/Cellar/python@3.11/3.11.15/Frameworks/Python.framework/Versions/3.11/lib/python3.11/contextlib.py", line 210, in __aenter__
    return await anext(self.gen)
           ^^^^^^^^^^^^^^^^^^^^^
  File "/Users/jordan/Projects/etf-tracking-system/app/main.py", line 138, in lifespan
    init_db()
  File "/Users/jordan/Projects/etf-tracking-system/app/db.py", line 77, in init_db
    _init_postgres()
  File "/Users/jordan/Projects/etf-tracking-system/app/db.py", line 203, in _init_postgres
    with get_connection() as connection:
         ^^^^^^^^^^^^^^^^
  File "/Users/jordan/Projects/etf-tracking-system/app/db.py", line 62, in get_connection
    connection = psycopg.connect(
                 ^^^^^^^^^^^^^^^^
  File "/Users/jordan/Projects/etf-tracking-system/.venv/lib/python3.11/site-packages/psycopg/connection.py", line 125, in connect
    raise type(last_ex)("\n".join(lines)).with_traceback(None)
psycopg.OperationalError: connection failed: connection to server at "57.182.231.186", port 6543 failed: FATAL:  (ENOTFOUND) tenant/user postgres.ldqvraqnhxcbyyxznmwg not found
connection to server at "57.182.231.186", port 6543 failed: FATAL:  (ENOTFOUND) tenant/user postgres.ldqvraqnhxcbyyxznmwg not found
Multiple connection attempts failed. All failures were:
- host: 'aws-1-ap-northeast-1.pooler.supabase.com', port: '6543', hostaddr: '13.114.6.6': connection failed: connection to server at "13.114.6.6", port 6543 failed: FATAL:  (ENOTFOUND) tenant/user postgres.ldqvraqnhxcbyyxznmwg not found
connection to server at "13.114.6.6", port 6543 failed: FATAL:  (ENOTFOUND) tenant/user postgres.ldqvraqnhxcbyyxznmwg not found
- host: 'aws-1-ap-northeast-1.pooler.supabase.com', port: '6543', hostaddr: '57.182.231.186': connection failed: connection to server at "57.182.231.186", port 6543 failed: FATAL:  (ENOTFOUND) tenant/user postgres.ldqvraqnhxcbyyxznmwg not found
connection to server at "57.182.231.186", port 6543 failed: FATAL:  (ENOTFOUND) tenant/user postgres.ldqvraqnhxcbyyxznmwg not found

ERROR:    Application startup failed. Exiting.
INFO:     Started server process [8490]
INFO:     Waiting for application startup.
ERROR:    Traceback (most recent call last):
  File "/Users/jordan/Projects/etf-tracking-system/.venv/lib/python3.11/site-packages/starlette/routing.py", line 694, in lifespan
    async with self.lifespan_context(app) as maybe_state:
  File "/opt/homebrew/Cellar/python@3.11/3.11.15/Frameworks/Python.framework/Versions/3.11/lib/python3.11/contextlib.py", line 210, in __aenter__
    return await anext(self.gen)
           ^^^^^^^^^^^^^^^^^^^^^
  File "/Users/jordan/Projects/etf-tracking-system/app/main.py", line 138, in lifespan
    init_db()
  File "/Users/jordan/Projects/etf-tracking-system/app/db.py", line 77, in init_db
    _init_postgres()
  File "/Users/jordan/Projects/etf-tracking-system/app/db.py", line 203, in _init_postgres
    with get_connection() as connection:
         ^^^^^^^^^^^^^^^^
  File "/Users/jordan/Projects/etf-tracking-system/app/db.py", line 62, in get_connection
    connection = psycopg.connect(
                 ^^^^^^^^^^^^^^^^
  File "/Users/jordan/Projects/etf-tracking-system/.venv/lib/python3.11/site-packages/psycopg/connection.py", line 125, in connect
    raise type(last_ex)("\n".join(lines)).with_traceback(None)
psycopg.OperationalError: connection failed: connection to server at "57.182.231.186", port 6543 failed: FATAL:  (ENOTFOUND) tenant/user postgres.ldqvraqnhxcbyyxznmwg not found
connection to server at "57.182.231.186", port 6543 failed: FATAL:  (ENOTFOUND) tenant/user postgres.ldqvraqnhxcbyyxznmwg not found
Multiple connection attempts failed. All failures were:
- host: 'aws-1-ap-northeast-1.pooler.supabase.com', port: '6543', hostaddr: '13.114.6.6': connection failed: connection to server at "13.114.6.6", port 6543 failed: FATAL:  (ENOTFOUND) tenant/user postgres.ldqvraqnhxcbyyxznmwg not found
connection to server at "13.114.6.6", port 6543 failed: FATAL:  (ENOTFOUND) tenant/user postgres.ldqvraqnhxcbyyxznmwg not found
- host: 'aws-1-ap-northeast-1.pooler.supabase.com', port: '6543', hostaddr: '57.182.231.186': connection failed: connection to server at "57.182.231.186", port 6543 failed: FATAL:  (ENOTFOUND) tenant/user postgres.ldqvraqnhxcbyyxznmwg not found
connection to server at "57.182.231.186", port 6543 failed: FATAL:  (ENOTFOUND) tenant/user postgres.ldqvraqnhxcbyyxznmwg not found

ERROR:    Application startup failed. Exiting.
INFO:     Started server process [8508]
INFO:     Waiting for application startup.
ERROR:    Traceback (most recent call last):
  File "/Users/jordan/Projects/etf-tracking-system/.venv/lib/python3.11/site-packages/starlette/routing.py", line 694, in lifespan
    async with self.lifespan_context(app) as maybe_state:
  File "/opt/homebrew/Cellar/python@3.11/3.11.15/Frameworks/Python.framework/Versions/3.11/lib/python3.11/contextlib.py", line 210, in __aenter__
    return await anext(self.gen)
           ^^^^^^^^^^^^^^^^^^^^^
  File "/Users/jordan/Projects/etf-tracking-system/app/main.py", line 138, in lifespan
    init_db()
  File "/Users/jordan/Projects/etf-tracking-system/app/db.py", line 77, in init_db
    _init_postgres()
  File "/Users/jordan/Projects/etf-tracking-system/app/db.py", line 203, in _init_postgres
    with get_connection() as connection:
         ^^^^^^^^^^^^^^^^
  File "/Users/jordan/Projects/etf-tracking-system/app/db.py", line 62, in get_connection
    connection = psycopg.connect(
                 ^^^^^^^^^^^^^^^^
  File "/Users/jordan/Projects/etf-tracking-system/.venv/lib/python3.11/site-packages/psycopg/connection.py", line 125, in connect
    raise type(last_ex)("\n".join(lines)).with_traceback(None)
psycopg.OperationalError: connection failed: connection to server at "57.182.231.186", port 6543 failed: FATAL:  (ENOTFOUND) tenant/user postgres.ldqvraqnhxcbyyxznmwg not found
connection to server at "57.182.231.186", port 6543 failed: FATAL:  (ENOTFOUND) tenant/user postgres.ldqvraqnhxcbyyxznmwg not found
Multiple connection attempts failed. All failures were:
- host: 'aws-1-ap-northeast-1.pooler.supabase.com', port: '6543', hostaddr: '13.114.6.6': connection failed: connection to server at "13.114.6.6", port 6543 failed: FATAL:  (ENOTFOUND) tenant/user postgres.ldqvraqnhxcbyyxznmwg not found
connection to server at "13.114.6.6", port 6543 failed: FATAL:  (ENOTFOUND) tenant/user postgres.ldqvraqnhxcbyyxznmwg not found
- host: 'aws-1-ap-northeast-1.pooler.supabase.com', port: '6543', hostaddr: '57.182.231.186': connection failed: connection to server at "57.182.231.186", port 6543 failed: FATAL:  (ENOTFOUND) tenant/user postgres.ldqvraqnhxcbyyxznmwg not found
connection to server at "57.182.231.186", port 6543 failed: FATAL:  (ENOTFOUND) tenant/user postgres.ldqvraqnhxcbyyxznmwg not found

ERROR:    Application startup failed. Exiting.
INFO:     Started server process [8540]
INFO:     Waiting for application startup.
ERROR:    Traceback (most recent call last):
  File "/Users/jordan/Projects/etf-tracking-system/.venv/lib/python3.11/site-packages/starlette/routing.py", line 694, in lifespan
    async with self.lifespan_context(app) as maybe_state:
  File "/opt/homebrew/Cellar/python@3.11/3.11.15/Frameworks/Python.framework/Versions/3.11/lib/python3.11/contextlib.py", line 210, in __aenter__
    return await anext(self.gen)
           ^^^^^^^^^^^^^^^^^^^^^
  File "/Users/jordan/Projects/etf-tracking-system/app/main.py", line 138, in lifespan
    init_db()
  File "/Users/jordan/Projects/etf-tracking-system/app/db.py", line 77, in init_db
    _init_postgres()
  File "/Users/jordan/Projects/etf-tracking-system/app/db.py", line 203, in _init_postgres
    with get_connection() as connection:
         ^^^^^^^^^^^^^^^^
  File "/Users/jordan/Projects/etf-tracking-system/app/db.py", line 62, in get_connection
    connection = psycopg.connect(
                 ^^^^^^^^^^^^^^^^
  File "/Users/jordan/Projects/etf-tracking-system/.venv/lib/python3.11/site-packages/psycopg/connection.py", line 125, in connect
    raise type(last_ex)("\n".join(lines)).with_traceback(None)
psycopg.OperationalError: connection failed: connection to server at "57.182.231.186", port 6543 failed: FATAL:  (ENOTFOUND) tenant/user postgres.ldqvraqnhxcbyyxznmwg not found
connection to server at "57.182.231.186", port 6543 failed: FATAL:  (ENOTFOUND) tenant/user postgres.ldqvraqnhxcbyyxznmwg not found
Multiple connection attempts failed. All failures were:
- host: 'aws-1-ap-northeast-1.pooler.supabase.com', port: '6543', hostaddr: '13.114.6.6': connection failed: connection to server at "13.114.6.6", port 6543 failed: FATAL:  (ENOTFOUND) tenant/user postgres.ldqvraqnhxcbyyxznmwg not found
connection to server at "13.114.6.6", port 6543 failed: FATAL:  (ENOTFOUND) tenant/user postgres.ldqvraqnhxcbyyxznmwg not found
- host: 'aws-1-ap-northeast-1.pooler.supabase.com', port: '6543', hostaddr: '57.182.231.186': connection failed: connection to server at "57.182.231.186", port 6543 failed: FATAL:  (ENOTFOUND) tenant/user postgres.ldqvraqnhxcbyyxznmwg not found
connection to server at "57.182.231.186", port 6543 failed: FATAL:  (ENOTFOUND) tenant/user postgres.ldqvraqnhxcbyyxznmwg not found

ERROR:    Application startup failed. Exiting.
INFO:     Started server process [8550]
INFO:     Waiting for application startup.
ERROR:    Traceback (most recent call last):
  File "/Users/jordan/Projects/etf-tracking-system/.venv/lib/python3.11/site-packages/starlette/routing.py", line 694, in lifespan
    async with self.lifespan_context(app) as maybe_state:
  File "/opt/homebrew/Cellar/python@3.11/3.11.15/Frameworks/Python.framework/Versions/3.11/lib/python3.11/contextlib.py", line 210, in __aenter__
    return await anext(self.gen)
           ^^^^^^^^^^^^^^^^^^^^^
  File "/Users/jordan/Projects/etf-tracking-system/app/main.py", line 138, in lifespan
    init_db()
  File "/Users/jordan/Projects/etf-tracking-system/app/db.py", line 77, in init_db
    _init_postgres()
  File "/Users/jordan/Projects/etf-tracking-system/app/db.py", line 203, in _init_postgres
    with get_connection() as connection:
         ^^^^^^^^^^^^^^^^
  File "/Users/jordan/Projects/etf-tracking-system/app/db.py", line 62, in get_connection
    connection = psycopg.connect(
                 ^^^^^^^^^^^^^^^^
  File "/Users/jordan/Projects/etf-tracking-system/.venv/lib/python3.11/site-packages/psycopg/connection.py", line 125, in connect
    raise type(last_ex)("\n".join(lines)).with_traceback(None)
psycopg.OperationalError: connection failed: connection to server at "57.182.231.186", port 6543 failed: FATAL:  (ENOTFOUND) tenant/user postgres.ldqvraqnhxcbyyxznmwg not found
connection to server at "57.182.231.186", port 6543 failed: FATAL:  (ENOTFOUND) tenant/user postgres.ldqvraqnhxcbyyxznmwg not found
Multiple connection attempts failed. All failures were:
- host: 'aws-1-ap-northeast-1.pooler.supabase.com', port: '6543', hostaddr: '13.114.6.6': connection failed: connection to server at "13.114.6.6", port 6543 failed: FATAL:  (ENOTFOUND) tenant/user postgres.ldqvraqnhxcbyyxznmwg not found
connection to server at "13.114.6.6", port 6543 failed: FATAL:  (ENOTFOUND) tenant/user postgres.ldqvraqnhxcbyyxznmwg not found
- host: 'aws-1-ap-northeast-1.pooler.supabase.com', port: '6543', hostaddr: '57.182.231.186': connection failed: connection to server at "57.182.231.186", port 6543 failed: FATAL:  (ENOTFOUND) tenant/user postgres.ldqvraqnhxcbyyxznmwg not found
connection to server at "57.182.231.186", port 6543 failed: FATAL:  (ENOTFOUND) tenant/user postgres.ldqvraqnhxcbyyxznmwg not found

ERROR:    Application startup failed. Exiting.
INFO:     Started server process [8700]
INFO:     Waiting for application startup.
INFO:     Application startup complete.
INFO:     Uvicorn running on http://127.0.0.1:8000 (Press CTRL+C to quit)
INFO:     Shutting down
INFO:     Waiting for application shutdown.
INFO:     Application shutdown complete.
INFO:     Finished server process [8700]
INFO:     Started server process [10669]
INFO:     Waiting for application startup.
INFO:     Application startup complete.
INFO:     Uvicorn running on http://127.0.0.1:8000 (Press CTRL+C to quit)
INFO:     Shutting down
INFO:     Waiting for application shutdown.
INFO:     Application shutdown complete.
INFO:     Finished server process [10669]
INFO:     Started server process [11496]
INFO:     Waiting for application startup.
INFO:     Application startup complete.
INFO:     Uvicorn running on http://127.0.0.1:8000 (Press CTRL+C to quit)
INFO:     Shutting down
INFO:     Waiting for application shutdown.
INFO:     Application shutdown complete.
INFO:     Finished server process [11496]
Traceback (most recent call last):
  File "/Users/jordan/Projects/etf-tracking-system/.venv/bin/uvicorn", line 6, in <module>
    sys.exit(main())
             ^^^^^^
  File "/Users/jordan/Projects/etf-tracking-system/.venv/lib/python3.11/site-packages/click/core.py", line 1485, in __call__
    return self.main(*args, **kwargs)
           ^^^^^^^^^^^^^^^^^^^^^^^^^^
  File "/Users/jordan/Projects/etf-tracking-system/.venv/lib/python3.11/site-packages/click/core.py", line 1406, in main
    rv = self.invoke(ctx)
         ^^^^^^^^^^^^^^^^
  File "/Users/jordan/Projects/etf-tracking-system/.venv/lib/python3.11/site-packages/click/core.py", line 1269, in invoke
    return ctx.invoke(self.callback, **ctx.params)
           ^^^^^^^^^^^^^^^^^^^^^^^^^^^^^^^^^^^^^^^
  File "/Users/jordan/Projects/etf-tracking-system/.venv/lib/python3.11/site-packages/click/core.py", line 824, in invoke
    return callback(*args, **kwargs)
           ^^^^^^^^^^^^^^^^^^^^^^^^^
  File "/Users/jordan/Projects/etf-tracking-system/.venv/lib/python3.11/site-packages/uvicorn/main.py", line 413, in main
    run(
  File "/Users/jordan/Projects/etf-tracking-system/.venv/lib/python3.11/site-packages/uvicorn/main.py", line 580, in run
    server.run()
  File "/Users/jordan/Projects/etf-tracking-system/.venv/lib/python3.11/site-packages/uvicorn/server.py", line 67, in run
    return asyncio.run(self.serve(sockets=sockets))
           ^^^^^^^^^^^^^^^^^^^^^^^^^^^^^^^^^^^^^^^^
  File "/opt/homebrew/Cellar/python@3.11/3.11.15/Frameworks/Python.framework/Versions/3.11/lib/python3.11/asyncio/runners.py", line 190, in run
    return runner.run(main)
           ^^^^^^^^^^^^^^^^
  File "/opt/homebrew/Cellar/python@3.11/3.11.15/Frameworks/Python.framework/Versions/3.11/lib/python3.11/asyncio/runners.py", line 118, in run
    return self._loop.run_until_complete(task)
           ^^^^^^^^^^^^^^^^^^^^^^^^^^^^^^^^^^^
  File "/opt/homebrew/Cellar/python@3.11/3.11.15/Frameworks/Python.framework/Versions/3.11/lib/python3.11/asyncio/base_events.py", line 654, in run_until_complete
    return future.result()
           ^^^^^^^^^^^^^^^
  File "/Users/jordan/Projects/etf-tracking-system/.venv/lib/python3.11/site-packages/uvicorn/server.py", line 71, in serve
    await self._serve(sockets)
  File "/Users/jordan/Projects/etf-tracking-system/.venv/lib/python3.11/site-packages/uvicorn/server.py", line 78, in _serve
    config.load()
  File "/Users/jordan/Projects/etf-tracking-system/.venv/lib/python3.11/site-packages/uvicorn/config.py", line 436, in load
    self.loaded_app = import_from_string(self.app)
                      ^^^^^^^^^^^^^^^^^^^^^^^^^^^^
  File "/Users/jordan/Projects/etf-tracking-system/.venv/lib/python3.11/site-packages/uvicorn/importer.py", line 19, in import_from_string
    module = importlib.import_module(module_str)
             ^^^^^^^^^^^^^^^^^^^^^^^^^^^^^^^^^^^
  File "/opt/homebrew/Cellar/python@3.11/3.11.15/Frameworks/Python.framework/Versions/3.11/lib/python3.11/importlib/__init__.py", line 126, in import_module
    return _bootstrap._gcd_import(name[level:], package, level)
           ^^^^^^^^^^^^^^^^^^^^^^^^^^^^^^^^^^^^^^^^^^^^^^^^^^^^
  File "<frozen importlib._bootstrap>", line 1204, in _gcd_import
  File "<frozen importlib._bootstrap>", line 1176, in _find_and_load
  File "<frozen importlib._bootstrap>", line 1147, in _find_and_load_unlocked
  File "<frozen importlib._bootstrap>", line 690, in _load_unlocked
  File "<frozen importlib._bootstrap_external>", line 940, in exec_module
  File "<frozen importlib._bootstrap>", line 241, in _call_with_frames_removed
  File "/Users/jordan/Projects/etf-tracking-system/app/main.py", line 38, in <module>
    from app.services.statistics import (
ImportError: cannot import name 'get_common_holdings' from 'app.services.statistics' (/Users/jordan/Projects/etf-tracking-system/app/services/statistics.py)
INFO:     Started server process [11713]
INFO:     Waiting for application startup.
INFO:     Application startup complete.
INFO:     Uvicorn running on http://127.0.0.1:8000 (Press CTRL+C to quit)
